0 verbose cli /usr/bin/node /usr/bin/npm
1 info using npm@11.3.0
2 info using node@v22.16.0
3 silly config load:file:/usr/lib/node_modules/npm/npmrc
4 silly config load:file:/workspaces/emden-rp-admin/.npmrc
5 silly config load:file:/home/codespace/.npmrc
6 silly config load:file:/etc/npmrc
7 verbose title npm install
8 verbose argv "install" "--cache" ".npm-cache"
9 verbose logfile logs-max:10 dir:/workspaces/emden-rp-admin/.npm-cache/_logs/2025-10-23T21_53_32_952Z-
10 verbose logfile /workspaces/emden-rp-admin/.npm-cache/_logs/2025-10-23T21_53_32_952Z-debug-0.log
11 silly logfile done cleaning log files
12 silly packumentCache heap:2197815296 maxSize:549453824 maxEntrySize:274726912
13 silly idealTree buildDeps
14 silly reify moves {}
15 verbose stack Error: Could not read package.json: Error: ENOENT: no such file or directory, open '/workspaces/emden-rp-admin/package.json'
15 verbose stack     at async open (node:internal/fs/promises:633:25)
15 verbose stack     at async readFile (node:internal/fs/promises:1237:14)
15 verbose stack     at async read (/usr/lib/node_modules/npm/node_modules/@npmcli/package-json/lib/read-package.js:9:18)
15 verbose stack     at async PackageJson.load (/usr/lib/node_modules/npm/node_modules/@npmcli/package-json/lib/index.js:131:31)
15 verbose stack     at async PackageJson.normalize (/usr/lib/node_modules/npm/node_modules/@npmcli/package-json/lib/index.js:117:5)
15 verbose stack     at async runScript (/usr/lib/node_modules/npm/node_modules/@npmcli/run-script/lib/run-script.js:11:28)
15 verbose stack     at async Install.exec (/usr/lib/node_modules/npm/lib/commands/install.js:162:9)
15 verbose stack     at async Npm.exec (/usr/lib/node_modules/npm/lib/npm.js:208:9)
15 verbose stack     at async module.exports (/usr/lib/node_modules/npm/lib/cli/entry.js:67:5)
16 error code ENOENT
17 error syscall open
18 error path /workspaces/emden-rp-admin/package.json
19 error errno -2
20 error enoent Could not read package.json: Error: ENOENT: no such file or directory, open '/workspaces/emden-rp-admin/package.json'
21 error enoent This is related to npm not being able to find a file.
21 error enoent
22 verbose cwd /workspaces/emden-rp-admin
23 verbose os Linux 6.8.0-1030-azure
24 verbose node v22.16.0
25 verbose npm  v11.3.0
26 verbose exit -2
27 verbose code -2
28 error A complete log of this run can be found in: /workspaces/emden-rp-admin/.npm-cache/_logs/2025-10-23T21_53_32_952Z-debug-0.log
