0 verbose cli /usr/bin/node /usr/bin/npm
1 info using npm@11.3.0
2 info using node@v22.16.0
3 silly config load:file:/usr/lib/node_modules/npm/npmrc
4 silly config load:file:/workspaces/emden-rp-admin/.npmrc
5 warn Unknown project config "echo "cache". This will stop working in the next major version of npm.
6 silly config load:file:/home/codespace/.npmrc
7 silly config load:file:/etc/npmrc
8 verbose title npm install
9 verbose argv "install"
10 verbose logfile logs-max:10 dir:/workspaces/emden-rp-admin/.npm-cache/_logs/2025-10-23T21_54_48_415Z-
11 verbose logfile /workspaces/emden-rp-admin/.npm-cache/_logs/2025-10-23T21_54_48_415Z-debug-0.log
12 silly logfile done cleaning log files
13 silly packumentCache heap:2197815296 maxSize:549453824 maxEntrySize:274726912
14 silly idealTree buildDeps
15 silly reify moves {}
16 verbose stack Error: Could not read package.json: Error: ENOENT: no such file or directory, open '/workspaces/emden-rp-admin/package.json'
16 verbose stack     at async open (node:internal/fs/promises:633:25)
16 verbose stack     at async readFile (node:internal/fs/promises:1237:14)
16 verbose stack     at async read (/usr/lib/node_modules/npm/node_modules/@npmcli/package-json/lib/read-package.js:9:18)
16 verbose stack     at async PackageJson.load (/usr/lib/node_modules/npm/node_modules/@npmcli/package-json/lib/index.js:131:31)
16 verbose stack     at async PackageJson.normalize (/usr/lib/node_modules/npm/node_modules/@npmcli/package-json/lib/index.js:117:5)
16 verbose stack     at async runScript (/usr/lib/node_modules/npm/node_modules/@npmcli/run-script/lib/run-script.js:11:28)
16 verbose stack     at async Install.exec (/usr/lib/node_modules/npm/lib/commands/install.js:162:9)
16 verbose stack     at async Npm.exec (/usr/lib/node_modules/npm/lib/npm.js:208:9)
16 verbose stack     at async module.exports (/usr/lib/node_modules/npm/lib/cli/entry.js:67:5)
17 error code ENOENT
18 error syscall open
19 error path /workspaces/emden-rp-admin/package.json
20 error errno -2
21 error enoent Could not read package.json: Error: ENOENT: no such file or directory, open '/workspaces/emden-rp-admin/package.json'
22 error enoent This is related to npm not being able to find a file.
22 error enoent
23 verbose cwd /workspaces/emden-rp-admin
24 verbose os Linux 6.8.0-1030-azure
25 verbose node v22.16.0
26 verbose npm  v11.3.0
27 verbose exit -2
28 verbose code -2
29 error A complete log of this run can be found in: /workspaces/emden-rp-admin/.npm-cache/_logs/2025-10-23T21_54_48_415Z-debug-0.log
